{"name": "test_iced_latte_ui_2", "status": "broken", "statusDetails": {"message": "selenium.common.exceptions.NoSuchElementException: Message: no such element: Unable to locate element: {\"method\":\"xpath\",\"selector\":\"//div[text() = 'Viachesla...']\"}\n  (Session info: chrome=122.0.6261.129); For documentation on this error, please visit: https://www.selenium.dev/documentation/webdriver/troubleshooting/errors#no-such-element-exception\nStacktrace:\n\tGetHandleVerifier [0x00007FF768DEAD02+56930]\n\t(No symbol) [0x00007FF768D5F602]\n\t(No symbol) [0x00007FF768C142E5]\n\t(No symbol) [0x00007FF768C598ED]\n\t(No symbol) [0x00007FF768C59A2C]\n\t(No symbol) [0x00007FF768C9A967]\n\t(No symbol) [0x00007FF768C7BCDF]\n\t(No symbol) [0x00007FF768C981E2]\n\t(No symbol) [0x00007FF768C7BA43]\n\t(No symbol) [0x00007FF768C4D438]\n\t(No symbol) [0x00007FF768C4E4D1]\n\tGetHandleVerifier [0x00007FF769166F8D+3711213]\n\tGetHandleVerifier [0x00007FF7691C04CD+4077101]\n\tGetHandleVerifier [0x00007FF7691B865F+4044735]\n\tGetHandleVerifier [0x00007FF768E89736+706710]\n\t(No symbol) [0x00007FF768D6B8DF]\n\t(No symbol) [0x00007FF768D66AC4]\n\t(No symbol) [0x00007FF768D66C1C]\n\t(No symbol) [0x00007FF768D568D4]\n\tBaseThreadInitThunk [0x00007FFC9935257D+29]\n\tRtlUserThreadStart [0x00007FFC9AEAAA58+40]", "trace": "def test_iced_latte_ui_2():\n        driver = webdriver.Chrome()\n        driver.maximize_window()\n        driver.implicitly_wait(5)\n    \n        driver.get(\"https://iced-latte.uk/\")\n        driver.delete_all_cookies()\n        wait = WebDriverWait(driver, 15)\n    \n        email_valid = 'gurovvic@gmail.com'\n        password_valid = 'qwertyuiop12!@'\n    \n        log_in_registered_user(driver, email_valid, password_valid)\n        sleep(2)\n    \n        expected_text = 'Viachesla...'\n>       assert_user_logged_in(driver, expected_text)\n\ntest_refactored_2.py:42: \n_ _ _ _ _ _ _ _ _ _ _ _ _ _ _ _ _ _ _ _ _ _ _ _ _ _ _ _ _ _ _ _ _ _ _ _ _ _ _ _ _ _ _ _ _ _ _ _ _ _ _ _ _ _ _ _ _ _ _ _ _ _ _ _ _ _ _ _ _ _ _ _ _ _\ntest_refactored_2.py:22: in assert_user_logged_in\n    registered_user_logged_logo = driver.find_element(*REGISTERED_USR_LOGGED_LOGO)\n..\\.venv\\Lib\\site-packages\\selenium\\webdriver\\remote\\webdriver.py:739: in find_element\n    return self.execute(Command.FIND_ELEMENT, {\"using\": by, \"value\": value})[\"value\"]\n..\\.venv\\Lib\\site-packages\\selenium\\webdriver\\remote\\webdriver.py:345: in execute\n    self.error_handler.check_response(response)\n_ _ _ _ _ _ _ _ _ _ _ _ _ _ _ _ _ _ _ _ _ _ _ _ _ _ _ _ _ _ _ _ _ _ _ _ _ _ _ _ _ _ _ _ _ _ _ _ _ _ _ _ _ _ _ _ _ _ _ _ _ _ _ _ _ _ _ _ _ _ _ _ _ _\n\nself = <selenium.webdriver.remote.errorhandler.ErrorHandler object at 0x000001B57D302A90>\nresponse = {'status': 404, 'value': '{\"value\":{\"error\":\"no such element\",\"message\":\"no such element: Unable to locate element: {\\...07FF768D568D4]\\\\n\\\\tBaseThreadInitThunk [0x00007FFC9935257D+29]\\\\n\\\\tRtlUserThreadStart [0x00007FFC9AEAAA58+40]\\\\n\"}}'}\n\n    def check_response(self, response: Dict[str, Any]) -> None:\n        \"\"\"Checks that a JSON response from the WebDriver does not have an\n        error.\n    \n        :Args:\n         - response - The JSON response from the WebDriver server as a dictionary\n           object.\n    \n        :Raises: If the response contains an error message.\n        \"\"\"\n        status = response.get(\"status\", None)\n        if not status or status == ErrorCode.SUCCESS:\n            return\n        value = None\n        message = response.get(\"message\", \"\")\n        screen: str = response.get(\"screen\", \"\")\n        stacktrace = None\n        if isinstance(status, int):\n            value_json = response.get(\"value\", None)\n            if value_json and isinstance(value_json, str):\n                import json\n    \n                try:\n                    value = json.loads(value_json)\n                    if len(value) == 1:\n                        value = value[\"value\"]\n                    status = value.get(\"error\", None)\n                    if not status:\n                        status = value.get(\"status\", ErrorCode.UNKNOWN_ERROR)\n                        message = value.get(\"value\") or value.get(\"message\")\n                        if not isinstance(message, str):\n                            value = message\n                            message = message.get(\"message\")\n                    else:\n                        message = value.get(\"message\", None)\n                except ValueError:\n                    pass\n    \n        exception_class: Type[WebDriverException]\n        e = ErrorCode()\n        error_codes = [item for item in dir(e) if not item.startswith(\"__\")]\n        for error_code in error_codes:\n            error_info = getattr(ErrorCode, error_code)\n            if isinstance(error_info, list) and status in error_info:\n                exception_class = getattr(ExceptionMapping, error_code, WebDriverException)\n                break\n        else:\n            exception_class = WebDriverException\n    \n        if not value:\n            value = response[\"value\"]\n        if isinstance(value, str):\n            raise exception_class(value)\n        if message == \"\" and \"message\" in value:\n            message = value[\"message\"]\n    \n        screen = None  # type: ignore[assignment]\n        if \"screen\" in value:\n            screen = value[\"screen\"]\n    \n        stacktrace = None\n        st_value = value.get(\"stackTrace\") or value.get(\"stacktrace\")\n        if st_value:\n            if isinstance(st_value, str):\n                stacktrace = st_value.split(\"\\n\")\n            else:\n                stacktrace = []\n                try:\n                    for frame in st_value:\n                        line = frame.get(\"lineNumber\", \"\")\n                        file = frame.get(\"fileName\", \"<anonymous>\")\n                        if line:\n                            file = f\"{file}:{line}\"\n                        meth = frame.get(\"methodName\", \"<anonymous>\")\n                        if \"className\" in frame:\n                            meth = f\"{frame['className']}.{meth}\"\n                        msg = \"    at %s (%s)\"\n                        msg = msg % (meth, file)\n                        stacktrace.append(msg)\n                except TypeError:\n                    pass\n        if exception_class == UnexpectedAlertPresentException:\n            alert_text = None\n            if \"data\" in value:\n                alert_text = value[\"data\"].get(\"text\")\n            elif \"alert\" in value:\n                alert_text = value[\"alert\"].get(\"text\")\n            raise exception_class(message, screen, stacktrace, alert_text)  # type: ignore[call-arg]  # mypy is not smart enough here\n>       raise exception_class(message, screen, stacktrace)\nE       selenium.common.exceptions.NoSuchElementException: Message: no such element: Unable to locate element: {\"method\":\"xpath\",\"selector\":\"//div[text() = 'Viachesla...']\"}\nE         (Session info: chrome=122.0.6261.129); For documentation on this error, please visit: https://www.selenium.dev/documentation/webdriver/troubleshooting/errors#no-such-element-exception\nE       Stacktrace:\nE       \tGetHandleVerifier [0x00007FF768DEAD02+56930]\nE       \t(No symbol) [0x00007FF768D5F602]\nE       \t(No symbol) [0x00007FF768C142E5]\nE       \t(No symbol) [0x00007FF768C598ED]\nE       \t(No symbol) [0x00007FF768C59A2C]\nE       \t(No symbol) [0x00007FF768C9A967]\nE       \t(No symbol) [0x00007FF768C7BCDF]\nE       \t(No symbol) [0x00007FF768C981E2]\nE       \t(No symbol) [0x00007FF768C7BA43]\nE       \t(No symbol) [0x00007FF768C4D438]\nE       \t(No symbol) [0x00007FF768C4E4D1]\nE       \tGetHandleVerifier [0x00007FF769166F8D+3711213]\nE       \tGetHandleVerifier [0x00007FF7691C04CD+4077101]\nE       \tGetHandleVerifier [0x00007FF7691B865F+4044735]\nE       \tGetHandleVerifier [0x00007FF768E89736+706710]\nE       \t(No symbol) [0x00007FF768D6B8DF]\nE       \t(No symbol) [0x00007FF768D66AC4]\nE       \t(No symbol) [0x00007FF768D66C1C]\nE       \t(No symbol) [0x00007FF768D568D4]\nE       \tBaseThreadInitThunk [0x00007FFC9935257D+29]\nE       \tRtlUserThreadStart [0x00007FFC9AEAAA58+40]\n\n..\\.venv\\Lib\\site-packages\\selenium\\webdriver\\remote\\errorhandler.py:229: NoSuchElementException"}, "start": 1710713071508, "stop": 1710713086163, "uuid": "5fb753ec-f88e-45a2-a209-3a55e4510855", "historyId": "c0f309932e3c3f1bbd034a79071a5e62", "testCaseId": "c0f309932e3c3f1bbd034a79071a5e62", "fullName": "test_refactored_2#test_iced_latte_ui_2", "labels": [{"name": "suite", "value": "test_refactored_2"}, {"name": "host", "value": "LAPTOP-7IML8DVE"}, {"name": "thread", "value": "20000-MainThread"}, {"name": "framework", "value": "pytest"}, {"name": "language", "value": "cpython3"}, {"name": "package", "value": "test_refactored_2"}]}